<?xml version="1.0" encoding="UTF-8"?>
<testng-results skipped="0" failed="0" total="2" passed="2">
  <reporter-output>
  </reporter-output>
  <suite name="Default suite" duration-ms="22" started-at="2016-03-27T16:28:03Z" finished-at="2016-03-27T16:28:03Z">
    <groups>
    </groups>
    <test name="Default test" duration-ms="22" started-at="2016-03-27T16:28:03Z" finished-at="2016-03-27T16:28:03Z">
      <class name="com.bit.test.BaseTest">
        <test-method status="PASS" signature="sui()[pri:0, instance:com.bit.test.BaseTest@2133c8f8]" name="sui" is-config="true" duration-ms="5" started-at="2016-03-27T12:28:03Z" finished-at="2016-03-27T12:28:03Z">
          <reporter-output>
          </reporter-output>
        </test-method> <!-- sui -->
        <test-method status="PASS" signature="suit()[pri:0, instance:com.bit.test.BaseTest@2133c8f8]" name="suit" is-config="true" duration-ms="0" started-at="2016-03-27T12:28:03Z" finished-at="2016-03-27T12:28:03Z">
          <reporter-output>
          </reporter-output>
        </test-method> <!-- suit -->
        <test-method status="PASS" signature="suie()[pri:0, instance:com.bit.test.BaseTest@2133c8f8]" name="suie" is-config="true" duration-ms="1" started-at="2016-03-27T12:28:03Z" finished-at="2016-03-27T12:28:03Z">
          <reporter-output>
          </reporter-output>
        </test-method> <!-- suie -->
        <test-method status="PASS" signature="start()[pri:0, instance:com.bit.test.BaseTest@2133c8f8]" name="start" is-config="true" duration-ms="1" started-at="2016-03-27T12:28:03Z" finished-at="2016-03-27T12:28:03Z">
          <reporter-output>
          </reporter-output>
        </test-method> <!-- start -->
        <test-method status="PASS" signature="m1()[pri:0, instance:com.bit.test.BaseTest@2133c8f8]" name="m1" duration-ms="8" started-at="2016-03-27T12:28:03Z" finished-at="2016-03-27T12:28:03Z">
          <reporter-output>
          </reporter-output>
        </test-method> <!-- m1 -->
        <test-method status="PASS" signature="end()[pri:0, instance:com.bit.test.BaseTest@2133c8f8]" name="end" is-config="true" duration-ms="0" started-at="2016-03-27T12:28:03Z" finished-at="2016-03-27T12:28:03Z">
          <reporter-output>
          </reporter-output>
        </test-method> <!-- end -->
        <test-method status="PASS" signature="m2()[pri:0, instance:com.bit.test.BaseTest@2133c8f8]" name="m2" duration-ms="1" started-at="2016-03-27T12:28:03Z" finished-at="2016-03-27T12:28:03Z">
          <reporter-output>
          </reporter-output>
        </test-method> <!-- m2 -->
        <test-method status="PASS" signature="start()[pri:0, instance:com.bit.test.BaseTest@2133c8f8]" name="start" is-config="true" duration-ms="0" started-at="2016-03-27T12:28:03Z" finished-at="2016-03-27T12:28:03Z">
          <reporter-output>
          </reporter-output>
        </test-method> <!-- start -->
        <test-method status="PASS" signature="end()[pri:0, instance:com.bit.test.BaseTest@2133c8f8]" name="end" is-config="true" duration-ms="0" started-at="2016-03-27T12:28:03Z" finished-at="2016-03-27T12:28:03Z">
          <reporter-output>
          </reporter-output>
        </test-method> <!-- end -->
        <test-method status="PASS" signature="asuie()[pri:0, instance:com.bit.test.BaseTest@2133c8f8]" name="asuie" is-config="true" duration-ms="0" started-at="2016-03-27T12:28:03Z" finished-at="2016-03-27T12:28:03Z">
          <reporter-output>
          </reporter-output>
        </test-method> <!-- asuie -->
        <test-method status="PASS" signature="asuit()[pri:0, instance:com.bit.test.BaseTest@2133c8f8]" name="asuit" is-config="true" duration-ms="1" started-at="2016-03-27T12:28:03Z" finished-at="2016-03-27T12:28:03Z">
          <reporter-output>
          </reporter-output>
        </test-method> <!-- asuit -->
        <test-method status="PASS" signature="asui()[pri:0, instance:com.bit.test.BaseTest@2133c8f8]" name="asui" is-config="true" duration-ms="0" started-at="2016-03-27T12:28:03Z" finished-at="2016-03-27T12:28:03Z">
          <reporter-output>
          </reporter-output>
        </test-method> <!-- asui -->
      </class> <!-- com.bit.test.BaseTest -->
    </test> <!-- Default test -->
  </suite> <!-- Default suite -->
</testng-results>
